lesson9_27_10_21/app/build/intermediates/manifest_merge_blame_file/debug/manifest-merger-blame-debug-report.txt
1<?xml version="1.0" encoding="utf-8"?>
2<manifest xmlns:android="http://schemas.android.com/apk/res/android"
3    package="com.example.lesson9_27_10_21"
4    android:versionCode="1"
5    android:versionName="1.0" >
6
7    <uses-sdk
8        android:minSdkVersion="21"
8-->src\main\AndroidManifest.xml
9        android:targetSdkVersion="31" />
9-->src\main\AndroidManifest.xml
10
11    <application
11-->src\main\AndroidManifest.xml:5:5-27:19
12        android:name="com.example.lesson9_27_10_21.App"
12-->src\main\AndroidManifest.xml:6:9-28
13        android:allowBackup="true"
13-->src\main\AndroidManifest.xml:7:9-35
14        android:appComponentFactory="androidx.core.app.CoreComponentFactory"
14-->[androidx.core:core:1.6.0] AndroidManifest.xml:24:18-86
15        android:debuggable="true"
16        android:icon="@mipmap/ic_launcher"
16-->src\main\AndroidManifest.xml:8:9-43
17        android:label="@string/app_name"
17-->src\main\AndroidManifest.xml:9:9-41
18        android:roundIcon="@mipmap/ic_launcher_round"
18-->src\main\AndroidManifest.xml:10:9-54
19        android:supportsRtl="true"
19-->src\main\AndroidManifest.xml:11:9-35
20        android:testOnly="true"
21        android:theme="@style/Theme.Lesson9_27_10_21" >
21-->src\main\AndroidManifest.xml:12:9-54
22        <activity android:name="com.example.lesson9_27_10_21.MainActivity2" />
22-->src\main\AndroidManifest.xml:13:9-14:44
22-->src\main\AndroidManifest.xml:14:13-42
23        <activity android:name="com.example.lesson9_27_10_21.MainActivity3" />
23-->src\main\AndroidManifest.xml:15:9-16:44
23-->src\main\AndroidManifest.xml:16:13-42
24        <activity
24-->src\main\AndroidManifest.xml:17:9-26:20
25            android:name="com.example.lesson9_27_10_21.MainActivity"
25-->src\main\AndroidManifest.xml:18:13-41
26            android:exported="true"
26-->src\main\AndroidManifest.xml:19:13-36
27            android:screenOrientation="sensor" >
27-->src\main\AndroidManifest.xml:20:13-47
28            <intent-filter>
28-->src\main\AndroidManifest.xml:21:13-25:29
29                <action android:name="android.intent.action.MAIN" />
29-->src\main\AndroidManifest.xml:22:17-69
29-->src\main\AndroidManifest.xml:22:25-66
30
31                <category android:name="android.intent.category.LAUNCHER" />
31-->src\main\AndroidManifest.xml:24:17-77
31-->src\main\AndroidManifest.xml:24:27-74
32            </intent-filter>
33        </activity>
34    </application>
35
36</manifest>